<?xml version="1.0" encoding="UTF-8"?>
<!-- Generated by org.testng.reporters.JUnitReportReporter -->
<testsuite hostname="DESKTOP-PT2MTDQ" name="com.automate.withme.Runner.E2e_Runner" tests="8" failures="0" timestamp="26 Oct 2020 03:41:28 GMT" time="20.216" errors="0">
  <testcase name="runScenario" time="4.207" classname="com.automate.withme.Runner.E2e_Runner"/>
  <testcase name="runScenario" time="2.912" classname="com.automate.withme.Runner.E2e_Runner"/>
  <testcase name="runScenario" time="0.935" classname="com.automate.withme.Runner.E2e_Runner"/>
  <testcase name="runScenario" time="0.728" classname="com.automate.withme.Runner.E2e_Runner"/>
  <testcase name="runScenario" time="4.546" classname="com.automate.withme.Runner.E2e_Runner"/>
  <testcase name="runScenario" time="1.626" classname="com.automate.withme.Runner.E2e_Runner"/>
  <testcase name="runScenario" time="3.002" classname="com.automate.withme.Runner.E2e_Runner"/>
  <testcase name="runScenario" time="2.260" classname="com.automate.withme.Runner.E2e_Runner"/>
</testsuite> <!-- com.automate.withme.Runner.E2e_Runner -->
