<?xml version="1.0" encoding="UTF-8"?>
<!-- Generated by org.testng.reporters.JUnitReportReporter -->
<testsuite hostname="DESKTOP-PT2MTDQ" name="com.automate.withme.Runner.E2e_Runner" tests="8" failures="0" timestamp="25 Oct 2020 20:18:01 GMT" time="27.604" errors="0">
  <testcase name="runScenario" time="6.104" classname="com.automate.withme.Runner.E2e_Runner"/>
  <testcase name="runScenario" time="1.210" classname="com.automate.withme.Runner.E2e_Runner"/>
  <testcase name="runScenario" time="4.180" classname="com.automate.withme.Runner.E2e_Runner"/>
  <testcase name="runScenario" time="1.156" classname="com.automate.withme.Runner.E2e_Runner"/>
  <testcase name="runScenario" time="4.089" classname="com.automate.withme.Runner.E2e_Runner"/>
  <testcase name="runScenario" time="6.435" classname="com.automate.withme.Runner.E2e_Runner"/>
  <testcase name="runScenario" time="0.852" classname="com.automate.withme.Runner.E2e_Runner"/>
  <testcase name="runScenario" time="3.578" classname="com.automate.withme.Runner.E2e_Runner"/>
</testsuite> <!-- com.automate.withme.Runner.E2e_Runner -->
