<?xml version="1.0" encoding="UTF-8"?>
<!-- Generated by org.testng.reporters.JUnitReportReporter -->
<testsuite hostname="DESKTOP-PT2MTDQ" name="com.automate.withme.Runner.E2e_Runner" tests="8" failures="0" timestamp="19 Sep 2020 13:08:13 GMT" time="63.943" errors="0">
  <testcase name="runScenario" time="2.964" classname="com.automate.withme.Runner.E2e_Runner"/>
  <testcase name="runScenario" time="6.649" classname="com.automate.withme.Runner.E2e_Runner"/>
  <testcase name="runScenario" time="3.892" classname="com.automate.withme.Runner.E2e_Runner"/>
  <testcase name="runScenario" time="17.090" classname="com.automate.withme.Runner.E2e_Runner"/>
  <testcase name="runScenario" time="0.670" classname="com.automate.withme.Runner.E2e_Runner"/>
  <testcase name="runScenario" time="6.309" classname="com.automate.withme.Runner.E2e_Runner"/>
  <testcase name="runScenario" time="10.951" classname="com.automate.withme.Runner.E2e_Runner"/>
  <testcase name="runScenario" time="15.418" classname="com.automate.withme.Runner.E2e_Runner"/>
</testsuite> <!-- com.automate.withme.Runner.E2e_Runner -->
